2023-10-20 11:34:28,835 - mylog - DEBUG -  Had the alarm clock not rung?
2023-10-20 11:34:28,838 - mylog - INFO -  That's when I'll make the big change.
2023-10-20 11:34:28,842 - mylog - WARNING -  It wasn't a dream.
2023-10-20 11:34:28,846 - mylog - ERROR -  You've got to get enough sleep.
2023-10-20 11:34:28,849 - mylog - CRITICAL -  He lay on his armour-like back, and if he lifted his head a little he could see his brown belly, slightly domed and divided by arches into stiff sections.
2023-10-20 11:34:29,861 - mylog - DEBUG -  "What's happened to me?
2023-10-20 11:34:29,871 - mylog - INFO -  First of all though, I've got to get up, my train leaves at five.
2023-10-20 11:34:29,880 - mylog - WARNING -  His many legs, pitifully thin compared with the size of the rest of him, waved about helplessly as he looked.
2023-10-20 11:34:29,886 - mylog - ERROR -  It wasn't a dream.
2023-10-20 11:34:29,890 - mylog - CRITICAL -  However hard he threw himself onto his right, he always rolled back to where he was.
2023-10-20 11:34:30,901 - mylog - DEBUG -  "Oh, God", he thought, "what a strenuous career it is that I've chosen!
2023-10-20 11:34:30,910 - mylog - INFO -  However hard he threw himself onto his right, he always rolled back to where he was.
2023-10-20 11:34:30,918 - mylog - WARNING -  Other travelling salesmen live a life of luxury.
2023-10-20 11:34:30,927 - mylog - ERROR -  It wasn't a dream.
2023-10-20 11:34:30,935 - mylog - CRITICAL -  I ought to just try that with my boss; I'd get kicked out on the spot.
2023-10-20 11:34:31,945 - mylog - DEBUG -  But who knows, maybe that would be the best thing for me.
2023-10-20 11:34:31,955 - mylog - INFO -  Travelling day in and day out.
2023-10-20 11:34:31,967 - mylog - WARNING -  Yes, but was it possible to quietly sleep through that furniture-rattling noise?
2023-10-20 11:34:31,974 - mylog - ERROR -  His room, a proper human room although a little too small, lay peacefully between its four familiar walls.
2023-10-20 11:34:31,977 - mylog - CRITICAL -  And it's a funny sort of business to be sitting up there at your desk, talking down at your subordinates from up there, especially when you have to go right up close because the boss is hard of hearing.
2023-10-20 11:34:32,987 - mylog - DEBUG -  "Getting up early all the time", he thought, "it makes you stupid.
2023-10-20 11:34:32,996 - mylog - INFO -  Well, there's still some hope; once I've got the money together to pay off my parents' debt to him - another five or six years I suppose - that's definitely what I'll do.
2023-10-20 11:34:33,004 - mylog - WARNING -  However hard he threw himself onto his right, he always rolled back to where he was.
2023-10-20 11:34:33,012 - mylog - ERROR -  "What's happened to me?
2023-10-20 11:34:33,020 - mylog - CRITICAL -  His room, a proper human room although a little too small, lay peacefully between its four familiar walls.
2023-10-20 11:34:34,030 - mylog - DEBUG -  However hard he threw himself onto his right, he always rolled back to where he was.
2023-10-20 11:34:34,039 - mylog - INFO -  Doing business like this takes much more effort than doing your own business at home, and on top of that there's the curse of travelling, worries about making train connections, bad and irregular food, contact with different people all the time so that you can never get to know anyone or become friendly with them.
2023-10-20 11:34:34,047 - mylog - WARNING - " And he looked over at the alarm clock, ticking on the chest of drawers.
2023-10-20 11:34:34,056 - mylog - ERROR -  A collection of textile samples lay spread out on the table - Samsa was a travelling salesman - and above it there hung a picture that he had recently cut out of an illustrated magazine and housed in a nice, gilded frame.
2023-10-20 11:34:34,064 - mylog - CRITICAL -  Yes, but was it possible to quietly sleep through that furniture-rattling noise?
2023-10-20 11:34:35,072 - mylog - DEBUG -  But who knows, maybe that would be the best thing for me.
2023-10-20 11:34:35,080 - mylog - INFO -  That's when I'll make the big change.
2023-10-20 11:34:35,087 - mylog - WARNING -  It was half past six and the hands were quietly moving forwards, it was even later than half past, more like quarter to seven.
2023-10-20 11:34:35,095 - mylog - ERROR -  He could see from the bed that it had been set for four o'clock as it should have been; it certainly must have rung.
2023-10-20 11:34:35,101 - mylog - CRITICAL -  It showed a lady fitted out with a fur hat and fur boa who sat upright, raising a heavy fur muff that covered the whole of her lower arm towards the viewer.
2023-10-20 11:34:36,111 - mylog - DEBUG -  Travelling day in and day out.
2023-10-20 11:34:36,120 - mylog - INFO -  "God in Heaven!
2023-10-20 11:34:36,129 - mylog - WARNING -  "God in Heaven!
2023-10-20 11:34:36,137 - mylog - ERROR - " He felt a slight itch up on his belly; pushed himself slowly up on his back towards the headboard so that he could lift his head better; found where the itch was, and saw that it was covered with lots of little white spots which he didn't know what to make of; and when he tried to feel the place with one of his legs he drew it quickly back because as soon as he touched it he was overcome by a cold shudder.
2023-10-20 11:34:36,147 - mylog - CRITICAL - " he thought.
2023-10-20 11:34:37,158 - mylog - DEBUG -  "How about if I sleep a little bit longer and forget all this nonsense", he thought, but that was something he was unable to do because he was used to sleeping on his right, and in his present state couldn't get into that position.
2023-10-20 11:34:37,167 - mylog - INFO - " He felt a slight itch up on his belly; pushed himself slowly up on his back towards the headboard so that he could lift his head better; found where the itch was, and saw that it was covered with lots of little white spots which he didn't know what to make of; and when he tried to feel the place with one of his legs he drew it quickly back because as soon as he touched it he was overcome by a cold shudder.
2023-10-20 11:34:37,174 - mylog - WARNING -  A collection of textile samples lay spread out on the table - Samsa was a travelling salesman - and above it there hung a picture that he had recently cut out of an illustrated magazine and housed in a nice, gilded frame.
2023-10-20 11:34:37,183 - mylog - ERROR - " And he looked over at the alarm clock, ticking on the chest of drawers.
2023-10-20 11:34:37,191 - mylog - CRITICAL -  He could see from the bed that it had been set for four o'clock as it should have been; it certainly must have rung.
2023-10-20 11:34:38,204 - mylog - DEBUG -  I ought to just try that with my boss; I'd get kicked out on the spot.
2023-10-20 11:34:38,214 - mylog - INFO -  "Getting up early all the time", he thought, "it makes you stupid.
2023-10-20 11:34:38,224 - mylog - WARNING -  You've got to get enough sleep.
2023-10-20 11:34:38,231 - mylog - ERROR -  The bedding was hardly able to cover it and seemed ready to slide off any moment.
2023-10-20 11:34:38,237 - mylog - CRITICAL -  However hard he threw himself onto his right, he always rolled back to where he was.
2023-10-20 11:34:39,247 - mylog - DEBUG - One morning, when Gregor Samsa woke from troubled dreams, he found himself transformed in his bed into a horrible vermin.
2023-10-20 11:34:39,254 - mylog - INFO -  The bedding was hardly able to cover it and seemed ready to slide off any moment.
2023-10-20 11:34:39,257 - mylog - WARNING -  It wasn't a dream.
2023-10-20 11:34:39,261 - mylog - ERROR -  He could see from the bed that it had been set for four o'clock as it should have been; it certainly must have rung.
2023-10-20 11:34:39,263 - mylog - CRITICAL -  But who knows, maybe that would be the best thing for me.
2023-10-20 11:34:40,278 - mylog - DEBUG - " He felt a slight itch up on his belly; pushed himself slowly up on his back towards the headboard so that he could lift his head better; found where the itch was, and saw that it was covered with lots of little white spots which he didn't know what to make of; and when he tried to feel the place with one of his legs he drew it quickly back because as soon as he touched it he was overcome by a cold shudder.
2023-10-20 11:34:40,290 - mylog - INFO - " And he looked over at the alarm clock, ticking on the chest of drawers.
2023-10-20 11:34:40,297 - mylog - WARNING -  For instance, whenever I go back to the guest house during the morning to copy out the contract, these gentlemen are always still sitting there eating their breakfasts.
2023-10-20 11:34:40,302 - mylog - ERROR -  His room, a proper human room although a little too small, lay peacefully between its four familiar walls.
2023-10-20 11:34:40,306 - mylog - CRITICAL -  For instance, whenever I go back to the guest house during the morning to copy out the contract, these gentlemen are always still sitting there eating their breakfasts.
2023-10-20 11:35:17,297 - DEBUG -  He must have tried it a hundred times, shut his eyes so that he wouldn't have to look at the floundering legs, and only stopped when he began to feel a mild, dull pain there that he had never felt before.
2023-10-20 11:35:17,300 - INFO - " he thought.
2023-10-20 11:35:17,304 - WARNING -  Yes, but was it possible to quietly sleep through that furniture-rattling noise?
2023-10-20 11:35:17,307 - ERROR - " he thought.
2023-10-20 11:35:17,310 - CRITICAL -  Other travelling salesmen live a life of luxury.
2023-10-20 11:35:18,320 - DEBUG -  He lay on his armour-like back, and if he lifted his head a little he could see his brown belly, slightly domed and divided by arches into stiff sections.
2023-10-20 11:35:18,329 - INFO -  "God in Heaven!
2023-10-20 11:35:18,338 - WARNING -  Yes, but was it possible to quietly sleep through that furniture-rattling noise?
2023-10-20 11:35:18,348 - ERROR -  "What's happened to me?
2023-10-20 11:35:18,357 - CRITICAL -  For instance, whenever I go back to the guest house during the morning to copy out the contract, these gentlemen are always still sitting there eating their breakfasts.
2023-10-20 11:35:19,367 - DEBUG -  He could see from the bed that it had been set for four o'clock as it should have been; it certainly must have rung.
2023-10-20 11:35:19,377 - INFO -  That's when I'll make the big change.
2023-10-20 11:35:19,385 - WARNING -  "Getting up early all the time", he thought, "it makes you stupid.
2023-10-20 11:35:19,395 - ERROR -  "What's happened to me?
2023-10-20 11:35:19,401 - CRITICAL -  "What's happened to me?
2023-10-20 11:35:20,412 - DEBUG -  "How about if I sleep a little bit longer and forget all this nonsense", he thought, but that was something he was unable to do because he was used to sleeping on his right, and in his present state couldn't get into that position.
2023-10-20 11:35:20,421 - INFO - One morning, when Gregor Samsa woke from troubled dreams, he found himself transformed in his bed into a horrible vermin.
2023-10-20 11:35:20,430 - WARNING -  He lay on his armour-like back, and if he lifted his head a little he could see his brown belly, slightly domed and divided by arches into stiff sections.
2023-10-20 11:35:20,438 - ERROR -  "Oh, God", he thought, "what a strenuous career it is that I've chosen!
2023-10-20 11:35:20,447 - CRITICAL - " he thought.
2023-10-20 11:35:21,450 - DEBUG -  Yes, but was it possible to quietly sleep through that furniture-rattling noise?
2023-10-20 11:35:21,455 - INFO -  He lay on his armour-like back, and if he lifted his head a little he could see his brown belly, slightly domed and divided by arches into stiff sections.
2023-10-20 11:35:21,463 - WARNING - " And he looked over at the alarm clock, ticking on the chest of drawers.
2023-10-20 11:35:21,471 - ERROR -  The bedding was hardly able to cover it and seemed ready to slide off any moment.
2023-10-20 11:35:21,478 - CRITICAL -  Yes, but was it possible to quietly sleep through that furniture-rattling noise?
2023-10-20 11:35:22,488 - DEBUG -  It can all go to Hell!
2023-10-20 11:35:22,497 - INFO -  "Oh, God", he thought, "what a strenuous career it is that I've chosen!
2023-10-20 11:35:22,506 - WARNING -  Drops of rain could be heard hitting the pane, which made him feel quite sad.
2023-10-20 11:35:22,515 - ERROR -  He'd fall right off his desk!
2023-10-20 11:35:22,522 - CRITICAL -  If I didn't have my parents to think about I'd have given in my notice a long time ago, I'd have gone up to the boss and told him just what I think, tell him everything I would, let him know just what I feel.
2023-10-20 11:35:23,532 - DEBUG -  He slid back into his former position.
2023-10-20 11:35:23,541 - INFO -  Had the alarm clock not rung?
2023-10-20 11:35:23,544 - WARNING -  Drops of rain could be heard hitting the pane, which made him feel quite sad.
2023-10-20 11:35:23,547 - ERROR - One morning, when Gregor Samsa woke from troubled dreams, he found himself transformed in his bed into a horrible vermin.
2023-10-20 11:35:23,551 - CRITICAL -  Well, there's still some hope; once I've got the money together to pay off my parents' debt to him - another five or six years I suppose - that's definitely what I'll do.
2023-10-20 11:35:24,562 - DEBUG -  It was half past six and the hands were quietly moving forwards, it was even later than half past, more like quarter to seven.
2023-10-20 11:35:24,571 - INFO -  Yes, but was it possible to quietly sleep through that furniture-rattling noise?
2023-10-20 11:35:24,581 - WARNING -  But who knows, maybe that would be the best thing for me.
2023-10-20 11:35:24,589 - ERROR -  "Getting up early all the time", he thought, "it makes you stupid.
2023-10-20 11:35:24,594 - CRITICAL -  If I didn't have my parents to think about I'd have given in my notice a long time ago, I'd have gone up to the boss and told him just what I think, tell him everything I would, let him know just what I feel.
2023-10-20 11:35:25,606 - DEBUG - One morning, when Gregor Samsa woke from troubled dreams, he found himself transformed in his bed into a horrible vermin.
2023-10-20 11:35:25,615 - INFO -  His room, a proper human room although a little too small, lay peacefully between its four familiar walls.
2023-10-20 11:35:25,622 - WARNING -  It showed a lady fitted out with a fur hat and fur boa who sat upright, raising a heavy fur muff that covered the whole of her lower arm towards the viewer.
2023-10-20 11:35:25,627 - ERROR -  He lay on his armour-like back, and if he lifted his head a little he could see his brown belly, slightly domed and divided by arches into stiff sections.
2023-10-20 11:35:25,631 - CRITICAL -  I ought to just try that with my boss; I'd get kicked out on the spot.
2023-10-20 11:35:26,403 - DEBUG -  The bedding was hardly able to cover it and seemed ready to slide off any moment.
2023-10-20 11:35:26,407 - INFO - " And he looked over at the alarm clock, ticking on the chest of drawers.
2023-10-20 11:35:26,412 - WARNING -  It wasn't a dream.
2023-10-20 11:35:26,415 - ERROR -  Drops of rain could be heard hitting the pane, which made him feel quite sad.
2023-10-20 11:35:26,419 - CRITICAL -  He slid back into his former position.
2023-10-20 11:35:27,426 - DEBUG -  For instance, whenever I go back to the guest house during the morning to copy out the contract, these gentlemen are always still sitting there eating their breakfasts.
2023-10-20 11:35:27,434 - INFO -  However hard he threw himself onto his right, he always rolled back to where he was.
2023-10-20 11:35:27,440 - WARNING -  A collection of textile samples lay spread out on the table - Samsa was a travelling salesman - and above it there hung a picture that he had recently cut out of an illustrated magazine and housed in a nice, gilded frame.
2023-10-20 11:35:27,446 - ERROR -  "Oh, God", he thought, "what a strenuous career it is that I've chosen!
2023-10-20 11:35:27,452 - CRITICAL -  For instance, whenever I go back to the guest house during the morning to copy out the contract, these gentlemen are always still sitting there eating their breakfasts.
2023-10-20 11:36:24,277 - DEBUG -  Travelling day in and day out.
2023-10-20 11:36:24,281 - INFO -  If I didn't have my parents to think about I'd have given in my notice a long time ago, I'd have gone up to the boss and told him just what I think, tell him everything I would, let him know just what I feel.
2023-10-20 11:36:24,284 - WARNING -  He could see from the bed that it had been set for four o'clock as it should have been; it certainly must have rung.
2023-10-20 11:36:24,287 - ERROR -  "God in Heaven!
2023-10-20 11:36:24,291 - CRITICAL -  I ought to just try that with my boss; I'd get kicked out on the spot.
2023-10-20 11:36:29,301 - DEBUG -  However hard he threw himself onto his right, he always rolled back to where he was.
2023-10-20 11:36:29,310 - INFO -  Travelling day in and day out.
2023-10-20 11:36:29,319 - WARNING -  However hard he threw himself onto his right, he always rolled back to where he was.
2023-10-20 11:36:29,327 - ERROR -  For instance, whenever I go back to the guest house during the morning to copy out the contract, these gentlemen are always still sitting there eating their breakfasts.
2023-10-20 11:36:29,335 - CRITICAL -  The bedding was hardly able to cover it and seemed ready to slide off any moment.
2023-10-20 11:36:34,345 - DEBUG -  Drops of rain could be heard hitting the pane, which made him feel quite sad.
2023-10-20 11:36:34,354 - INFO -  "Getting up early all the time", he thought, "it makes you stupid.
2023-10-20 11:36:34,364 - WARNING -  And it's a funny sort of business to be sitting up there at your desk, talking down at your subordinates from up there, especially when you have to go right up close because the boss is hard of hearing.
2023-10-20 11:36:34,375 - ERROR -  I ought to just try that with my boss; I'd get kicked out on the spot.
2023-10-20 11:36:34,384 - CRITICAL -  Yes, but was it possible to quietly sleep through that furniture-rattling noise?
2023-10-20 11:36:39,394 - DEBUG -  Had the alarm clock not rung?
2023-10-20 11:36:39,404 - INFO -  But who knows, maybe that would be the best thing for me.
2023-10-20 11:36:39,411 - WARNING -  Travelling day in and day out.
2023-10-20 11:36:39,417 - ERROR -  He lay on his armour-like back, and if he lifted his head a little he could see his brown belly, slightly domed and divided by arches into stiff sections.
2023-10-20 11:36:39,423 - CRITICAL -  Well, there's still some hope; once I've got the money together to pay off my parents' debt to him - another five or six years I suppose - that's definitely what I'll do.
2023-10-20 11:42:53,371 - DEBUG -  It can all go to Hell!
2023-10-20 11:42:53,376 - INFO -  But who knows, maybe that would be the best thing for me.
2023-10-20 11:42:53,380 - WARNING -  It showed a lady fitted out with a fur hat and fur boa who sat upright, raising a heavy fur muff that covered the whole of her lower arm towards the viewer.
2023-10-20 11:42:53,385 - ERROR -  He'd fall right off his desk!
2023-10-20 11:42:53,391 - CRITICAL -  Travelling day in and day out.
2023-10-20 11:43:03,403 - DEBUG -  It wasn't a dream.
2023-10-20 11:43:03,414 - INFO -  Well, there's still some hope; once I've got the money together to pay off my parents' debt to him - another five or six years I suppose - that's definitely what I'll do.
2023-10-20 11:43:03,423 - WARNING -  He'd fall right off his desk!
2023-10-20 11:43:03,436 - ERROR -  Doing business like this takes much more effort than doing your own business at home, and on top of that there's the curse of travelling, worries about making train connections, bad and irregular food, contact with different people all the time so that you can never get to know anyone or become friendly with them.
2023-10-20 11:43:03,447 - CRITICAL -  Well, there's still some hope; once I've got the money together to pay off my parents' debt to him - another five or six years I suppose - that's definitely what I'll do.
2023-10-20 11:53:55,548 - DEBUG -  But who knows, maybe that would be the best thing for me.
2023-10-20 11:53:55,553 - INFO -  The bedding was hardly able to cover it and seemed ready to slide off any moment.
2023-10-20 11:53:55,557 - WARNING -  That's when I'll make the big change.
2023-10-20 11:53:55,560 - ERROR -  Gregor then turned to look out the window at the dull weather.
2023-10-20 11:53:55,564 - CRITICAL -  It was half past six and the hands were quietly moving forwards, it was even later than half past, more like quarter to seven.
2023-10-20 11:54:05,575 - DEBUG -  That's when I'll make the big change.
2023-10-20 11:54:05,585 - INFO -  It showed a lady fitted out with a fur hat and fur boa who sat upright, raising a heavy fur muff that covered the whole of her lower arm towards the viewer.
2023-10-20 11:54:05,594 - WARNING -  He must have tried it a hundred times, shut his eyes so that he wouldn't have to look at the floundering legs, and only stopped when he began to feel a mild, dull pain there that he had never felt before.
2023-10-20 11:54:05,603 - ERROR -  He slid back into his former position.
2023-10-20 11:54:05,609 - CRITICAL -  Doing business like this takes much more effort than doing your own business at home, and on top of that there's the curse of travelling, worries about making train connections, bad and irregular food, contact with different people all the time so that you can never get to know anyone or become friendly with them.
